#
# A fatal error has been detected by the Java Runtime Environment:
#
#  EXCEPTION_ACCESS_VIOLATION (0xc0000005) at pc=0x00000000778954b9, pid=10128, tid=10420
#
# JRE version: Java(TM) SE Runtime Environment (8.0-b132) (build 1.8.0-b132)
# Java VM: Java HotSpot(TM) 64-Bit Server VM (25.0-b70 mixed mode windows-amd64 compressed oops)
# Problematic frame:
# C  0x00000000778954b9
#
# Failed to write core dump. Minidumps are not enabled by default on client versions of Windows
#
# If you would like to submit a bug report, please visit:
#   http://bugreport.sun.com/bugreport/crash.jsp
# The crash happened outside the Java Virtual Machine in native code.
# See problematic frame for where to report the bug.
#

---------------  T H R E A D  ---------------

Current thread (0x000000005d55d000):  JavaThread "pool-2-thread-1" [_thread_in_native, id=10420, stack(0x000000006b530000,0x000000006b630000)]

siginfo: ExceptionCode=0xc0000005, reading address 0x0000000000000000

Registers:
RAX=0x000000005dd12940, RBX=0x000000005dd12930, RCX=0x0000000000000000, RDX=0x0000000000000001
RSP=0x000000006b62e410, RBP=0x0000000000000000, RSI=0x000000006b62e7c8, RDI=0x000000005d55d1e0
R8 =0x000000005dd12930, R9 =0x000000005dd12938, R10=0x00000000029d5162, R11=0x000000005dd12930
R12=0x0000000000000000, R13=0x0000000077606648, R14=0x000000006b62e7e0, R15=0x000000005d55d000
RIP=0x00000000778954b9, EFLAGS=0x0000000000010202

Top of Stack: (sp=0x000000006b62e410)
0x000000006b62e410:   0000000000000000 000000005d55d000
0x000000006b62e420:   0000000000000000 0000000000000018
0x000000006b62e430:   000000006b62e7e0 000000005d55d1e0
0x000000006b62e440:   0000000077606648 00000000777f2a4f
0x000000006b62e450:   0000000000000000 000000006b62e7c8
0x000000006b62e460:   0000000000000000 0000000077606648
0x000000006b62e470:   000000005dd12940 0000000000000000
0x000000006b62e480:   0000000000000000 0000000000000000
0x000000006b62e490:   0000000000000000 0000000000000000
0x000000006b62e4a0:   0000000000000000 0000000000000000
0x000000006b62e4b0:   000000006b62e460 0000000002a20fe0
0x000000006b62e4c0:   0000000000000000 0000000002a21035
0x000000006b62e4d0:   0000000002a213e0 0000000000000000
0x000000006b62e4e0:   0000000000000000 0000000000000000
0x000000006b62e4f0:   0000000002a20fe0 000000005d010000
0x000000006b62e500:   000000006b62e460 0000000000000000 

Instructions: (pc=0x00000000778954b9)
0x0000000077895499:   8b 5c 24 60 48 83 c4 68 c3 cc cc cc cc cc cc cc
0x00000000778954a9:   cc cc cc cc cc cc cc 48 83 ec 38 48 8b 44 24 60
0x00000000778954b9:   4c 8b 11 48 89 44 24 20 41 ff 52 18 48 83 c4 38
0x00000000778954c9:   c3 cc cc cc cc cc cc 4c 89 4c 24 20 4c 89 44 24 


Register to memory mapping:

RAX=0x000000005dd12940 is an unknown value
RBX=0x000000005dd12930 is an unknown value
RCX=0x0000000000000000 is an unknown value
RDX=0x0000000000000001 is an unknown value
RSP=0x000000006b62e410 is pointing into the stack for thread: 0x000000005d55d000
RBP=0x0000000000000000 is an unknown value
RSI=0x000000006b62e7c8 is pointing into the stack for thread: 0x000000005d55d000
RDI=0x000000005d55d1e0 is an unknown value
R8 =0x000000005dd12930 is an unknown value
R9 =0x000000005dd12938 is an unknown value
R10=0x00000000029d5162 is at code_begin+834 in an Interpreter codelet
method entry point (kind = native)  [0x00000000029d4e20, 0x00000000029d5760]  2368 bytes
R11=0x000000005dd12930 is an unknown value
R12=0x0000000000000000 is an unknown value
R13=0x0000000077606648 is an unknown value
R14=0x000000006b62e7e0 is pointing into the stack for thread: 0x000000005d55d000
R15=0x000000005d55d000 is a thread


Stack: [0x000000006b530000,0x000000006b630000],  sp=0x000000006b62e410,  free space=1017k
Native frames: (J=compiled Java code, j=interpreted, Vv=VM code, C=native code)

Java frames: (J=compiled Java code, j=interpreted, Vv=VM code)
j  org.gdal.osr.osrJNI.CoordinateTransformation_TransformPoint__SWIG_1(JLorg/gdal/osr/CoordinateTransformation;[DDDD)V+0
j  org.gdal.osr.CoordinateTransformation.TransformPoint([DDDD)V+11
j  org.gdal.osr.CoordinateTransformation.TransformPoint(DDD)[D+12
j  org.gdal.osr.CoordinateTransformation.TransformPoint(DD)[D+4
j  gov.nasa.worldwind.data.GDAL$Area.calcBoundingSector(Lorg/gdal/osr/SpatialReference;[Ljava/awt/geom/Point2D;)Lgov/nasa/worldwind/geom/Sector;+125
j  gov.nasa.worldwind.data.GDAL$Area.<init>(Lorg/gdal/osr/SpatialReference;Lorg/gdal/gdal/Dataset;)V+182
j  gov.nasa.worldwind.util.gdal.GDALUtils.extractRasterParameters(Lorg/gdal/gdal/Dataset;Lgov/nasa/worldwind/avlist/AVList;Z)Lgov/nasa/worldwind/avlist/AVList;+1476
j  gov.nasa.worldwind.data.GDALDataRaster.init(Lorg/gdal/gdal/Dataset;Z)V+78
j  gov.nasa.worldwind.data.GDALDataRaster.<init>(Ljava/lang/Object;Z)V+206
j  gov.nasa.worldwind.data.GDALDataRasterReader.doCanRead(Ljava/lang/Object;Lgov/nasa/worldwind/avlist/AVList;)Z+42
j  gov.nasa.worldwind.data.GDALDataRasterReader.canRead(Ljava/lang/Object;Lgov/nasa/worldwind/avlist/AVList;)Z+3
j  gov.nasa.worldwind.data.BasicDataRasterReaderFactory.findReaderFor(Ljava/lang/Object;Lgov/nasa/worldwind/avlist/AVList;[Lgov/nasa/worldwind/data/DataRasterReader;)Lgov/nasa/worldwind/data/DataRasterReader;+92
j  gov.nasa.worldwind.data.BasicDataRasterReaderFactory.findReaderFor(Ljava/lang/Object;Lgov/nasa/worldwind/avlist/AVList;)Lgov/nasa/worldwind/data/DataRasterReader;+33
j  gov.nasa.worldwind.layers.SurfaceImageLayer.openDataRaster(Ljava/lang/Object;Lgov/nasa/worldwind/avlist/AVList;)Lgov/nasa/worldwind/data/DataRaster;+95
j  gov.nasa.worldwind.layers.SurfaceImageLayer.addImage(Ljava/lang/String;)V+3
j  bzh.terrevirtuelle.navisu.charts.raster.geotiff.impl.GeoTiffChartImpl.handleOpenFile(Lbzh/terrevirtuelle/navisu/api/progress/ProgressHandle;Ljava/lang/String;)V+45
j  bzh.terrevirtuelle.navisu.charts.raster.geotiff.impl.GeoTiffChartImpl.open(Lbzh/terrevirtuelle/navisu/api/progress/ProgressHandle;[Ljava/lang/String;)V+26
j  bzh.terrevirtuelle.navisu.app.drivers.impl.DriverManagerImpl.lambda$handleOpenFiles$1(Lbzh/terrevirtuelle/navisu/app/drivers/Driver;Ljava/io/File;Lbzh/terrevirtuelle/navisu/api/progress/ProgressHandle;)V+13
j  bzh.terrevirtuelle.navisu.app.drivers.impl.DriverManagerImpl$$Lambda$51.run(Lbzh/terrevirtuelle/navisu/api/progress/ProgressHandle;)V+9
j  bzh.terrevirtuelle.navisu.api.progress.impl.JobsManagerImpl.playJob(Lbzh/terrevirtuelle/navisu/api/progress/impl/view/JobDisplayController;Lbzh/terrevirtuelle/navisu/api/progress/Job;)V+50
j  bzh.terrevirtuelle.navisu.api.progress.impl.JobsManagerImpl.lambda$newJob$12(Ljava/lang/String;Lbzh/terrevirtuelle/navisu/api/progress/Job;)V+12
j  bzh.terrevirtuelle.navisu.api.progress.impl.JobsManagerImpl$$Lambda$52.run()V+12
j  java.util.concurrent.ThreadPoolExecutor.runWorker(Ljava/util/concurrent/ThreadPoolExecutor$Worker;)V+95
j  java.util.concurrent.ThreadPoolExecutor$Worker.run()V+5
j  java.lang.Thread.run()V+11
v  ~StubRoutines::call_stub

---------------  P R O C E S S  ---------------

Java Threads: ( => current thread )
=>0x000000005d55d000 JavaThread "pool-2-thread-1" [_thread_in_native, id=10420, stack(0x000000006b530000,0x000000006b630000)]
  0x000000005d566800 JavaThread "TimerQueue" daemon [_thread_blocked, id=9692, stack(0x000000006f420000,0x000000006f520000)]
  0x000000005d566000 JavaThread "vert.x-eventloop-thread-2" daemon [_thread_in_native, id=10148, stack(0x000000006fab0000,0x000000006fbb0000)]
  0x000000005d565000 JavaThread "Idle World Wind Task " daemon [_thread_blocked, id=8944, stack(0x000000006d910000,0x000000006da10000)]
  0x000000005d564800 JavaThread "Idle World Wind Task " daemon [_thread_blocked, id=7428, stack(0x000000006d800000,0x000000006d900000)]
  0x000000005d55d800 JavaThread "Idle World Wind Task " daemon [_thread_blocked, id=10196, stack(0x000000006d6d0000,0x000000006d7d0000)]
  0x000000005d55e800 JavaThread "Idle World Wind Task " daemon [_thread_blocked, id=10020, stack(0x000000006d240000,0x000000006d340000)]
  0x000000005d560000 JavaThread "Idle World Wind Task " daemon [_thread_blocked, id=8828, stack(0x000000006d440000,0x000000006d540000)]
  0x000000005d55f000 JavaThread "vert.x-eventloop-thread-1" daemon [_thread_in_native, id=4576, stack(0x00000000687b0000,0x00000000688b0000)]
  0x000000005d562000 JavaThread "vert.x-eventloop-thread-0" daemon [_thread_in_native, id=10140, stack(0x0000000064bb0000,0x0000000064cb0000)]
  0x000000005d560800 JavaThread "vert.x-eventloop-thread-1" daemon [_thread_in_native, id=9820, stack(0x0000000068610000,0x0000000068710000)]
  0x000000005d563000 JavaThread "vert.x-worker-thread-0" daemon [_thread_blocked, id=9512, stack(0x00000000645a0000,0x00000000646a0000)]
  0x000000005d561800 JavaThread "vert.x-eventloop-thread-0" daemon [_thread_in_native, id=4572, stack(0x0000000064360000,0x0000000064460000)]
  0x000000005db38000 JavaThread "JavaFX Application Thread-SharedResourceRunner" daemon [_thread_blocked, id=7476, stack(0x00000000620c0000,0x00000000621c0000)]
  0x000000005daa6000 JavaThread "AWT-EventQueue-0" [_thread_blocked, id=7324, stack(0x0000000061080000,0x0000000061180000)]
  0x000000005daa5000 JavaThread "AWT-Windows" daemon [_thread_in_native, id=2008, stack(0x0000000061430000,0x0000000061530000)]
  0x000000005da2d000 JavaThread "AWT-Shutdown" [_thread_blocked, id=10180, stack(0x0000000061280000,0x0000000061380000)]
  0x000000005d3c8800 JavaThread "Java2D Disposer" daemon [_thread_blocked, id=4844, stack(0x0000000060ea0000,0x0000000060fa0000)]
  0x000000005d008800 JavaThread "Prism Font Disposer" daemon [_thread_blocked, id=5516, stack(0x000000005f7c0000,0x000000005f8c0000)]
  0x0000000059086000 JavaThread "Thread-4" daemon [_thread_in_native, id=9584, stack(0x000000005ca00000,0x000000005cb00000)]
  0x000000005907f000 JavaThread "JavaFX-Launcher" [_thread_blocked, id=9540, stack(0x000000005c900000,0x000000005ca00000)]
  0x0000000059049800 JavaThread "JavaFX Application Thread" [_thread_blocked, id=6256, stack(0x000000005b1c0000,0x000000005b2c0000)]
  0x0000000059049000 JavaThread "Thread-1" daemon [_thread_blocked, id=9728, stack(0x000000005b3d0000,0x000000005b4d0000)]
  0x0000000058fee800 JavaThread "QuantumRenderer-0" daemon [_thread_in_native, id=8784, stack(0x000000005aee0000,0x000000005afe0000)]
  0x0000000058e92800 JavaThread "Service Thread" daemon [_thread_blocked, id=2208, stack(0x000000005ac70000,0x000000005ad70000)]
  0x0000000058e25000 JavaThread "C1 CompilerThread3" daemon [_thread_blocked, id=2844, stack(0x000000005a380000,0x000000005a480000)]
  0x0000000057d5e000 JavaThread "C2 CompilerThread2" daemon [_thread_blocked, id=6120, stack(0x000000005aa20000,0x000000005ab20000)]
  0x0000000057d5b000 JavaThread "C2 CompilerThread1" daemon [_thread_blocked, id=8628, stack(0x000000005a7d0000,0x000000005a8d0000)]
  0x0000000058e0b000 JavaThread "C2 CompilerThread0" daemon [_thread_blocked, id=9804, stack(0x000000005a600000,0x000000005a700000)]
  0x0000000058e09800 JavaThread "Attach Listener" daemon [_thread_blocked, id=9696, stack(0x000000005a490000,0x000000005a590000)]
  0x0000000058e05800 JavaThread "Signal Dispatcher" daemon [_thread_blocked, id=7748, stack(0x000000005a210000,0x000000005a310000)]
  0x0000000057d4d000 JavaThread "Finalizer" daemon [_thread_blocked, id=8468, stack(0x000000005a080000,0x000000005a180000)]
  0x0000000057d42000 JavaThread "Reference Handler" daemon [_thread_blocked, id=9288, stack(0x0000000059e90000,0x0000000059f90000)]
  0x000000000243f000 JavaThread "main" [_thread_blocked, id=7532, stack(0x00000000025f0000,0x00000000026f0000)]

Other Threads:
  0x0000000058db3000 VMThread [stack: 0x0000000059d30000,0x0000000059e30000] [id=9028]
  0x0000000058ea3800 WatcherThread [stack: 0x000000005ade0000,0x000000005aee0000] [id=9568]

VM state:not at safepoint (normal execution)

VM Mutex/Monitor currently owned by a thread: None

Heap:
 PSYoungGen      total 87552K, used 10980K [0x00000000d5800000, 0x00000000dc780000, 0x0000000100000000)
  eden space 61440K, 8% used [0x00000000d5800000,0x00000000d5d1de80,0x00000000d9400000)
  from space 26112K, 21% used [0x00000000d9400000,0x00000000d999b560,0x00000000dad80000)
  to   space 25088K, 0% used [0x00000000daf00000,0x00000000daf00000,0x00000000dc780000)
 ParOldGen       total 77312K, used 53341K [0x0000000080800000, 0x0000000085380000, 0x00000000d5800000)
  object space 77312K, 68% used [0x0000000080800000,0x0000000083c17598,0x0000000085380000)
 Metaspace       used 44688K, capacity 45189K, committed 45440K, reserved 1089536K
  class space    used 5832K, capacity 5954K, committed 6016K, reserved 1048576K

Card table byte_map: [0x0000000011d80000,0x0000000012180000] byte_map_base: 0x000000001197c000

Marking Bits: (ParMarkBitMap*) 0x00000000744d13b0
 Begin Bits: [0x0000000012fa0000, 0x0000000014f80000)
 End Bits:   [0x0000000014f80000, 0x0000000016f60000)

Polling page: 0x0000000000480000

CodeCache: size=245760Kb used=18488Kb max_used=18488Kb free=227271Kb
 bounds [0x00000000029c0000, 0x0000000003bf0000, 0x00000000119c0000]
 total_blobs=7089 nmethods=5693 adapters=1308
 compilation: enabled

Compilation events (10 events):
Event: 21.271 Thread 0x0000000058e25000 6172       3       sun.util.calendar.BaseCalendar::getGregorianYearFromFixedDate (201 bytes)
Event: 21.272 Thread 0x0000000058e25000 nmethod 6172 0x0000000003bdc350 code [0x0000000003bdc560, 0x0000000003bdd2f0]
Event: 21.275 Thread 0x0000000058e25000 6173       3       com.sun.javafx.geom.transform.Affine2D::is2D (2 bytes)
Event: 21.275 Thread 0x0000000058e25000 nmethod 6173 0x0000000003bdde90 code [0x0000000003bddfe0, 0x0000000003bde130]
Event: 21.275 Thread 0x0000000058e25000 6174   !   3       java.util.concurrent.locks.AbstractQueuedSynchronizer::acquireQueued (93 bytes)
Event: 21.276 Thread 0x0000000058e25000 nmethod 6174 0x0000000003bde1d0 code [0x0000000003bde3e0, 0x0000000003bdee98]
Event: 21.278 Thread 0x0000000058e25000 6177       1       com.sun.prism.impl.shape.MaskData::getOriginX (5 bytes)
Event: 21.278 Thread 0x0000000058e25000 nmethod 6177 0x0000000003bdfbd0 code [0x0000000003bdfd20, 0x0000000003bdfe30]
Event: 21.278 Thread 0x0000000058e25000 6178       1       com.sun.prism.impl.shape.MaskData::getOriginY (5 bytes)
Event: 21.278 Thread 0x0000000058e25000 nmethod 6178 0x0000000003bdfe90 code [0x0000000003bdffe0, 0x0000000003be00f0]

GC Heap History (10 events):
Event: 3.476 GC heap before
{Heap before GC invocations=30 (full 5):
 PSYoungGen      total 75776K, used 21503K [0x00000000d5800000, 0x00000000dcb80000, 0x0000000100000000)
  eden space 54272K, 0% used [0x00000000d5800000,0x00000000d5800000,0x00000000d8d00000)
  from space 21504K, 99% used [0x00000000d8d00000,0x00000000da1ffc80,0x00000000da200000)
  to   space 29696K, 0% used [0x00000000dae80000,0x00000000dae80000,0x00000000dcb80000)
 ParOldGen       total 56832K, used 46250K [0x0000000080800000, 0x0000000083f80000, 0x00000000d5800000)
  object space 56832K, 81% used [0x0000000080800000,0x000000008352abb0,0x0000000083f80000)
 Metaspace       used 41899K, capacity 42391K, committed 42624K, reserved 1085440K
  class space    used 5598K, capacity 5715K, committed 5760K, reserved 1048576K
Event: 3.516 GC heap after
Heap after GC invocations=30 (full 5):
 PSYoungGen      total 75776K, used 0K [0x00000000d5800000, 0x00000000dcb80000, 0x0000000100000000)
  eden space 54272K, 0% used [0x00000000d5800000,0x00000000d5800000,0x00000000d8d00000)
  from space 21504K, 0% used [0x00000000d8d00000,0x00000000d8d00000,0x00000000da200000)
  to   space 29696K, 0% used [0x00000000dae80000,0x00000000dae80000,0x00000000dcb80000)
 ParOldGen       total 77312K, used 52912K [0x0000000080800000, 0x0000000085380000, 0x00000000d5800000)
  object space 77312K, 68% used [0x0000000080800000,0x0000000083bac118,0x0000000085380000)
 Metaspace       used 41899K, capacity 42391K, committed 42624K, reserved 1085440K
  class space    used 5598K, capacity 5715K, committed 5760K, reserved 1048576K
}
Event: 3.701 GC heap before
{Heap before GC invocations=31 (full 5):
 PSYoungGen      total 75776K, used 54272K [0x00000000d5800000, 0x00000000dcb80000, 0x0000000100000000)
  eden space 54272K, 100% used [0x00000000d5800000,0x00000000d8d00000,0x00000000d8d00000)
  from space 21504K, 0% used [0x00000000d8d00000,0x00000000d8d00000,0x00000000da200000)
  to   space 29696K, 0% used [0x00000000dae80000,0x00000000dae80000,0x00000000dcb80000)
 ParOldGen       total 77312K, used 52912K [0x0000000080800000, 0x0000000085380000, 0x00000000d5800000)
  object space 77312K, 68% used [0x0000000080800000,0x0000000083bac118,0x0000000085380000)
 Metaspace       used 42044K, capacity 42525K, committed 42880K, reserved 1087488K
  class space    used 5617K, capacity 5716K, committed 5760K, reserved 1048576K
Event: 3.704 GC heap after
Heap after GC invocations=31 (full 5):
 PSYoungGen      total 86528K, used 12057K [0x00000000d5800000, 0x00000000dca00000, 0x0000000100000000)
  eden space 58368K, 0% used [0x00000000d5800000,0x00000000d5800000,0x00000000d9100000)
  from space 28160K, 42% used [0x00000000dae80000,0x00000000dba46588,0x00000000dca00000)
  to   space 29184K, 0% used [0x00000000d9100000,0x00000000d9100000,0x00000000dad80000)
 ParOldGen       total 77312K, used 52920K [0x0000000080800000, 0x0000000085380000, 0x00000000d5800000)
  object space 77312K, 68% used [0x0000000080800000,0x0000000083bae118,0x0000000085380000)
 Metaspace       used 42044K, capacity 42525K, committed 42880K, reserved 1087488K
  class space    used 5617K, capacity 5716K, committed 5760K, reserved 1048576K
}
Event: 7.948 GC heap before
{Heap before GC invocations=32 (full 5):
 PSYoungGen      total 86528K, used 70425K [0x00000000d5800000, 0x00000000dca00000, 0x0000000100000000)
  eden space 58368K, 100% used [0x00000000d5800000,0x00000000d9100000,0x00000000d9100000)
  from space 28160K, 42% used [0x00000000dae80000,0x00000000dba46588,0x00000000dca00000)
  to   space 29184K, 0% used [0x00000000d9100000,0x00000000d9100000,0x00000000dad80000)
 ParOldGen       total 77312K, used 52920K [0x0000000080800000, 0x0000000085380000, 0x00000000d5800000)
  object space 77312K, 68% used [0x0000000080800000,0x0000000083bae118,0x0000000085380000)
 Metaspace       used 43414K, capacity 43887K, committed 44288K, reserved 1087488K
  class space    used 5753K, capacity 5847K, committed 5888K, reserved 1048576K
Event: 7.950 GC heap after
Heap after GC invocations=32 (full 5):
 PSYoungGen      total 87552K, used 5583K [0x00000000d5800000, 0x00000000dca80000, 0x0000000100000000)
  eden space 58368K, 0% used [0x00000000d5800000,0x00000000d5800000,0x00000000d9100000)
  from space 29184K, 19% used [0x00000000d9100000,0x00000000d9673cd0,0x00000000dad80000)
  to   space 27648K, 0% used [0x00000000daf80000,0x00000000daf80000,0x00000000dca80000)
 ParOldGen       total 77312K, used 52928K [0x0000000080800000, 0x0000000085380000, 0x00000000d5800000)
  object space 77312K, 68% used [0x0000000080800000,0x0000000083bb0118,0x0000000085380000)
 Metaspace       used 43414K, capacity 43887K, committed 44288K, reserved 1087488K
  class space    used 5753K, capacity 5847K, committed 5888K, reserved 1048576K
}
Event: 15.400 GC heap before
{Heap before GC invocations=33 (full 5):
 PSYoungGen      total 87552K, used 63951K [0x00000000d5800000, 0x00000000dca80000, 0x0000000100000000)
  eden space 58368K, 100% used [0x00000000d5800000,0x00000000d9100000,0x00000000d9100000)
  from space 29184K, 19% used [0x00000000d9100000,0x00000000d9673cd0,0x00000000dad80000)
  to   space 27648K, 0% used [0x00000000daf80000,0x00000000daf80000,0x00000000dca80000)
 ParOldGen       total 77312K, used 52928K [0x0000000080800000, 0x0000000085380000, 0x00000000d5800000)
  object space 77312K, 68% used [0x0000000080800000,0x0000000083bb0118,0x0000000085380000)
 Metaspace       used 43647K, capacity 44091K, committed 44288K, reserved 1087488K
  class space    used 5754K, capacity 5849K, committed 5888K, reserved 1048576K
Event: 15.404 GC heap after
Heap after GC invocations=33 (full 5):
 PSYoungGen      total 85504K, used 5536K [0x00000000d5800000, 0x00000000dc700000, 0x0000000100000000)
  eden space 61440K, 0% used [0x00000000d5800000,0x00000000d5800000,0x00000000d9400000)
  from space 24064K, 23% used [0x00000000daf80000,0x00000000db4e8070,0x00000000dc700000)
  to   space 26112K, 0% used [0x00000000d9400000,0x00000000d9400000,0x00000000dad80000)
 ParOldGen       total 77312K, used 52936K [0x0000000080800000, 0x0000000085380000, 0x00000000d5800000)
  object space 77312K, 68% used [0x0000000080800000,0x0000000083bb2118,0x0000000085380000)
 Metaspace       used 43647K, capacity 44091K, committed 44288K, reserved 1087488K
  class space    used 5754K, capacity 5849K, committed 5888K, reserved 1048576K
}
Event: 21.221 GC heap before
{Heap before GC invocations=34 (full 5):
 PSYoungGen      total 85504K, used 66976K [0x00000000d5800000, 0x00000000dc700000, 0x0000000100000000)
  eden space 61440K, 100% used [0x00000000d5800000,0x00000000d9400000,0x00000000d9400000)
  from space 24064K, 23% used [0x00000000daf80000,0x00000000db4e8070,0x00000000dc700000)
  to   space 26112K, 0% used [0x00000000d9400000,0x00000000d9400000,0x00000000dad80000)
 ParOldGen       total 77312K, used 53333K [0x0000000080800000, 0x0000000085380000, 0x00000000d5800000)
  object space 77312K, 68% used [0x0000000080800000,0x0000000083c15598,0x0000000085380000)
 Metaspace       used 44326K, capacity 44741K, committed 45184K, reserved 1089536K
  class space    used 5816K, capacity 5890K, committed 6016K, reserved 1048576K
Event: 21.225 GC heap after
Heap after GC invocations=34 (full 5):
 PSYoungGen      total 87552K, used 5741K [0x00000000d5800000, 0x00000000dc780000, 0x0000000100000000)
  eden space 61440K, 0% used [0x00000000d5800000,0x00000000d5800000,0x00000000d9400000)
  from space 26112K, 21% used [0x00000000d9400000,0x00000000d999b560,0x00000000dad80000)
  to   space 25088K, 0% used [0x00000000daf00000,0x00000000daf00000,0x00000000dc780000)
 ParOldGen       total 77312K, used 53341K [0x0000000080800000, 0x0000000085380000, 0x00000000d5800000)
  object space 77312K, 68% used [0x0000000080800000,0x0000000083c17598,0x0000000085380000)
 Metaspace       used 44326K, capacity 44741K, committed 45184K, reserved 1089536K
  class space    used 5816K, capacity 5890K, committed 6016K, reserved 1048576K
}

Deoptimization events (10 events):
Event: 20.389 Thread 0x000000005daa6000 Uncommon trap: reason=class_check action=maybe_recompile pc=0x0000000003b46fcc method=gov.nasa.worldwind.layers.TiledImageLayer.needToSplit(Lgov/nasa/worldwind/render/DrawContext;Lgov/nasa/worldwind/geom/Sector;Lgov/nasa/worldwind/util/Level;)Z @ 41
Event: 20.389 Thread 0x000000005daa6000 Uncommon trap: reason=class_check action=maybe_recompile pc=0x0000000003b46fcc method=gov.nasa.worldwind.layers.TiledImageLayer.needToSplit(Lgov/nasa/worldwind/render/DrawContext;Lgov/nasa/worldwind/geom/Sector;Lgov/nasa/worldwind/util/Level;)Z @ 41
Event: 21.184 Thread 0x000000005d55d000 Uncommon trap: reason=class_check action=maybe_recompile pc=0x00000000037185f0 method=sun.util.calendar.BaseCalendar.getFixedDate(IIILsun/util/calendar/BaseCalendar$Date;)J @ 270
Event: 21.204 Thread 0x0000000059049800 Uncommon trap: reason=class_check action=maybe_recompile pc=0x0000000003787428 method=javafx.scene.Node.updateLocalToParentTransform()V @ 209
Event: 21.209 Thread 0x0000000059049800 Uncommon trap: reason=class_check action=maybe_recompile pc=0x0000000003787428 method=javafx.scene.Node.updateLocalToParentTransform()V @ 209
Event: 21.228 Thread 0x0000000059049800 Uncommon trap: reason=class_check action=maybe_recompile pc=0x0000000003787428 method=javafx.scene.Node.updateLocalToParentTransform()V @ 209
Event: 21.236 Thread 0x000000005d55d000 Uncommon trap: reason=class_check action=maybe_recompile pc=0x00000000037185f0 method=sun.util.calendar.BaseCalendar.getFixedDate(IIILsun/util/calendar/BaseCalendar$Date;)J @ 270
Event: 21.237 Thread 0x0000000059049800 Uncommon trap: reason=class_check action=maybe_recompile pc=0x0000000003787428 method=javafx.scene.Node.updateLocalToParentTransform()V @ 209
Event: 21.250 Thread 0x000000005d55d000 Uncommon trap: reason=class_check action=maybe_recompile pc=0x00000000037185f0 method=sun.util.calendar.BaseCalendar.getFixedDate(IIILsun/util/calendar/BaseCalendar$Date;)J @ 270
Event: 21.254 Thread 0x000000005d55d000 Uncommon trap: reason=class_check action=maybe_recompile pc=0x00000000037185f0 method=sun.util.calendar.BaseCalendar.getFixedDate(IIILsun/util/calendar/BaseCalendar$Date;)J @ 270

Internal exceptions (10 events):
Event: 21.268 Thread 0x000000005d55d000 Exception <a 'java/security/PrivilegedActionException'> (0x00000000d5a68de0) thrown at [D:\re\workspace\8-2-build-windows-amd64-cygwin\jdk8\2238\hotspot\src\share\vm\prims\jvm.cpp, line 1248]
Event: 21.269 Thread 0x000000005d55d000 Exception <a 'java/security/PrivilegedActionException'> (0x00000000d5a71c48) thrown at [D:\re\workspace\8-2-build-windows-amd64-cygwin\jdk8\2238\hotspot\src\share\vm\prims\jvm.cpp, line 1248]
Event: 21.269 Thread 0x000000005d55d000 Exception <a 'java/security/PrivilegedActionException'> (0x00000000d5a78640) thrown at [D:\re\workspace\8-2-build-windows-amd64-cygwin\jdk8\2238\hotspot\src\share\vm\prims\jvm.cpp, line 1248]
Event: 21.270 Thread 0x000000005d55d000 Exception <a 'java/security/PrivilegedActionException'> (0x00000000d5a81b90) thrown at [D:\re\workspace\8-2-build-windows-amd64-cygwin\jdk8\2238\hotspot\src\share\vm\prims\jvm.cpp, line 1248]
Event: 21.270 Thread 0x000000005d55d000 Exception <a 'java/security/PrivilegedActionException'> (0x00000000d5a88a30) thrown at [D:\re\workspace\8-2-build-windows-amd64-cygwin\jdk8\2238\hotspot\src\share\vm\prims\jvm.cpp, line 1248]
Event: 21.271 Thread 0x000000005d55d000 Exception <a 'java/security/PrivilegedActionException'> (0x00000000d5a8e7e8) thrown at [D:\re\workspace\8-2-build-windows-amd64-cygwin\jdk8\2238\hotspot\src\share\vm\prims\jvm.cpp, line 1248]
Event: 21.272 Thread 0x000000005d55d000 Exception <a 'java/security/PrivilegedActionException'> (0x00000000d5a96c48) thrown at [D:\re\workspace\8-2-build-windows-amd64-cygwin\jdk8\2238\hotspot\src\share\vm\prims\jvm.cpp, line 1248]
Event: 21.272 Thread 0x000000005d55d000 Exception <a 'java/security/PrivilegedActionException'> (0x00000000d5a9d478) thrown at [D:\re\workspace\8-2-build-windows-amd64-cygwin\jdk8\2238\hotspot\src\share\vm\prims\jvm.cpp, line 1248]
Event: 21.272 Thread 0x000000005d55d000 Exception <a 'java/security/PrivilegedActionException'> (0x00000000d5aa38c0) thrown at [D:\re\workspace\8-2-build-windows-amd64-cygwin\jdk8\2238\hotspot\src\share\vm\prims\jvm.cpp, line 1248]
Event: 21.273 Thread 0x000000005d55d000 Exception <a 'java/security/PrivilegedActionException'> (0x00000000d5aacbb0) thrown at [D:\re\workspace\8-2-build-windows-amd64-cygwin\jdk8\2238\hotspot\src\share\vm\prims\jvm.cpp, line 1248]

Events (10 events):
Event: 21.271 loading class gov/nasa/worldwind/formats/tiff/GeoCodec$GeoKeyEntry
Event: 21.271 loading class gov/nasa/worldwind/formats/tiff/GeoCodec$GeoKeyEntry done
Event: 21.272 loading class gov/nasa/worldwind/util/ElevationsUtil
Event: 21.272 loading class gov/nasa/worldwind/util/ElevationsUtil done
Event: 21.272 loading class gov/nasa/worldwind/data/GDAL
Event: 21.272 loading class gov/nasa/worldwind/data/GDAL done
Event: 21.272 loading class gov/nasa/worldwind/data/GDAL$Area
Event: 21.272 loading class gov/nasa/worldwind/data/GDAL$Area done
Event: 21.273 loading class org/gdal/osr/CoordinateTransformation
Event: 21.273 loading class org/gdal/osr/CoordinateTransformation done


Dynamic libraries:
0x000000013f810000 - 0x000000013f844000 	C:\Program Files\Java\jdk1.8.0\bin\java.exe
0x00000000773d0000 - 0x0000000077579000 	C:\Windows\SYSTEM32\ntdll.dll
0x00000000771b0000 - 0x00000000772cf000 	C:\Windows\system32\kernel32.dll
0x000007fefd250000 - 0x000007fefd2bc000 	C:\Windows\system32\KERNELBASE.dll
0x000007fefd7e0000 - 0x000007fefd8bb000 	C:\Windows\system32\ADVAPI32.dll
0x000007feff300000 - 0x000007feff39f000 	C:\Windows\system32\msvcrt.dll
0x000007feff6c0000 - 0x000007feff6df000 	C:\Windows\SYSTEM32\sechost.dll
0x000007feff1d0000 - 0x000007feff2fd000 	C:\Windows\system32\RPCRT4.dll
0x00000000772d0000 - 0x00000000773ca000 	C:\Windows\system32\USER32.dll
0x000007feff160000 - 0x000007feff1c7000 	C:\Windows\system32\GDI32.dll
0x000007feff4c0000 - 0x000007feff4ce000 	C:\Windows\system32\LPK.dll
0x000007fefea80000 - 0x000007fefeb49000 	C:\Windows\system32\USP10.dll
0x000007fefb3a0000 - 0x000007fefb594000 	C:\Windows\WinSxS\amd64_microsoft.windows.common-controls_6595b64144ccf1df_6.0.7601.17514_none_fa396087175ac9ac\COMCTL32.dll
0x000007feff3a0000 - 0x000007feff411000 	C:\Windows\system32\SHLWAPI.dll
0x000007fefd5a0000 - 0x000007fefd5ce000 	C:\Windows\system32\IMM32.DLL
0x000007feff5a0000 - 0x000007feff6a9000 	C:\Windows\system32\MSCTF.dll
0x000007feef780000 - 0x000007feef827000 	C:\Program Files\McAfee\Gkp\HcApi.dll
0x000000006eef0000 - 0x000000006eefb000 	C:\Program Files\McAfee\Gkp\HcThe.dll
0x0000000072760000 - 0x0000000072832000 	C:\Program Files\Java\jdk1.8.0\jre\bin\msvcr100.dll
0x0000000073d20000 - 0x000000007454a000 	C:\Program Files\Java\jdk1.8.0\jre\bin\server\jvm.dll
0x000007fef8250000 - 0x000007fef8259000 	C:\Windows\system32\WSOCK32.dll
0x000007feff550000 - 0x000007feff59d000 	C:\Windows\system32\WS2_32.dll
0x000007feff6b0000 - 0x000007feff6b8000 	C:\Windows\system32\NSI.dll
0x000007fefab80000 - 0x000007fefabbb000 	C:\Windows\system32\WINMM.dll
0x0000000077590000 - 0x0000000077597000 	C:\Windows\system32\PSAPI.DLL
0x0000000074690000 - 0x000000007469f000 	C:\Program Files\Java\jdk1.8.0\jre\bin\verify.dll
0x0000000073b20000 - 0x0000000073b48000 	C:\Program Files\Java\jdk1.8.0\jre\bin\java.dll
0x0000000073aa0000 - 0x0000000073ab6000 	C:\Program Files\Java\jdk1.8.0\jre\bin\zip.dll
0x000007fefdb80000 - 0x000007fefe908000 	C:\Windows\system32\SHELL32.dll
0x000007fefd5d0000 - 0x000007fefd7d3000 	C:\Windows\system32\ole32.dll
0x000007fefd1f0000 - 0x000007fefd1ff000 	C:\Windows\system32\profapi.dll
0x00000000657d0000 - 0x00000000657fb000 	C:\Program Files\Java\jdk1.8.0\jre\bin\prism_d3d.dll
0x000007feefa30000 - 0x000007feefc2f000 	C:\Windows\system32\d3d9.dll
0x000007fefc260000 - 0x000007fefc26c000 	C:\Windows\system32\VERSION.dll
0x000007feefa00000 - 0x000007feefa07000 	C:\Windows\system32\d3d8thk.dll
0x000007fefaa80000 - 0x000007fefaa98000 	C:\Windows\system32\dwmapi.dll
0x000007fefaee0000 - 0x000007fefaf36000 	C:\Windows\system32\uxtheme.dll
0x000007feecea0000 - 0x000007feedfc8000 	C:\Windows\system32\nvd3dumx.dll
0x0000000065860000 - 0x000000006589f000 	C:\Program Files\Java\jdk1.8.0\jre\bin\glass.dll
0x000007fefee80000 - 0x000007fefef17000 	C:\Windows\system32\COMDLG32.dll
0x000007fefdaa0000 - 0x000007fefdb77000 	C:\Windows\system32\OLEAUT32.dll
0x000007fefd080000 - 0x000007fefd08f000 	C:\Windows\system32\CRYPTBASE.dll
0x000007fefbf60000 - 0x000007fefbf8c000 	C:\Windows\system32\powrprof.dll
0x000007fefd8c0000 - 0x000007fefda97000 	C:\Windows\system32\SETUPAPI.dll
0x000007fefd2e0000 - 0x000007fefd316000 	C:\Windows\system32\CFGMGR32.dll
0x000007fefd320000 - 0x000007fefd33a000 	C:\Windows\system32\DEVOBJ.dll
0x0000000180000000 - 0x0000000180155000 	C:\Program Files (x86)\NVIDIA Corporation\3D Vision\nvSCPAPI64.dll
0x0000000073560000 - 0x000000007357a000 	C:\Program Files\Java\jdk1.8.0\jre\bin\net.dll
0x000007fefc9c0000 - 0x000007fefca15000 	C:\Windows\system32\mswsock.dll
0x000007fefc9b0000 - 0x000007fefc9b7000 	C:\Windows\System32\wship6.dll
0x00000000657b0000 - 0x00000000657c3000 	C:\Program Files\Java\jdk1.8.0\jre\bin\javafx_font.dll
0x000007fee7b80000 - 0x000007fee7d16000 	C:\Windows\system32\dwrite.dll
0x00000000653a0000 - 0x0000000065536000 	C:\Program Files\Java\jdk1.8.0\jre\bin\awt.dll
0x000007fefca20000 - 0x000007fefca37000 	C:\Windows\system32\CRYPTSP.dll
0x000007fefc6e0000 - 0x000007fefc727000 	C:\Windows\system32\rsaenh.dll
0x000007fefd550000 - 0x000007fefd56e000 	C:\Windows\system32\USERENV.dll
0x000007fefc040000 - 0x000007fefc055000 	C:\Windows\system32\NLAapi.dll
0x000007fef3be0000 - 0x000007fef3bf5000 	C:\Windows\system32\napinsp.dll
0x000007fef3bc0000 - 0x000007fef3bd9000 	C:\Windows\system32\pnrpnsp.dll
0x000007fefc800000 - 0x000007fefc85b000 	C:\Windows\system32\DNSAPI.dll
0x000007fef19f0000 - 0x000007fef19fb000 	C:\Windows\System32\winrnr.dll
0x000007fef19d0000 - 0x000007fef19e0000 	C:\Windows\system32\wshbth.dll
0x000007fef7310000 - 0x000007fef733e000 	C:\Program Files\Common Files\Microsoft Shared\Windows Live\WLIDNSP.DLL
0x000007fefc330000 - 0x000007fefc337000 	C:\Windows\System32\wshtcpip.dll
0x000007fefb320000 - 0x000007fefb347000 	C:\Windows\system32\IPHLPAPI.DLL
0x000007fefb310000 - 0x000007fefb31b000 	C:\Windows\system32\WINNSI.DLL
0x000007fef6740000 - 0x000007fef6748000 	C:\Windows\system32\rasadhlp.dll
0x000007fefb1a0000 - 0x000007fefb1f3000 	C:\Windows\System32\fwpuclnt.dll
0x0000000064ad0000 - 0x0000000064ae1000 	C:\Program Files\Java\jdk1.8.0\jre\bin\nio.dll
0x00000000637c0000 - 0x00000000637cd000 	C:\Users\Serge\AppData\Local\Temp\jogamp_0000\file_cache\jln6993567617739153816\jln7629914535862706398\gluegen-rt.dll
0x0000000065850000 - 0x0000000065857000 	C:\Program Files\Java\jdk1.8.0\jre\bin\jawt.dll
0x000000006a440000 - 0x000000006a44d000 	C:\Users\Serge\AppData\Local\Temp\jogamp_0000\file_cache\jln6993567617739153816\jln7629914535862706398\nativewindow_awt.dll
0x000007fef8ff0000 - 0x000007fef92cf000 	C:\Windows\system32\nvapi64.dll
0x000007fefd210000 - 0x000007fefd24a000 	C:\Windows\system32\WINTRUST.dll
0x000007fefd3e0000 - 0x000007fefd54c000 	C:\Windows\system32\CRYPT32.dll
0x000007fefd1e0000 - 0x000007fefd1ef000 	C:\Windows\system32\MSASN1.dll
0x000000006c100000 - 0x000000006c10f000 	C:\Users\Serge\AppData\Local\Temp\jogamp_0000\file_cache\jln6993567617739153816\jln7629914535862706398\nativewindow_win32.dll
0x000007fef5a30000 - 0x000007fef5b4d000 	C:\Windows\system32\OpenGL32.dll
0x000007fef5c70000 - 0x000007fef5c9d000 	C:\Windows\system32\GLU32.dll
0x000007fef4680000 - 0x000007fef4771000 	C:\Windows\system32\DDRAW.dll
0x000007fef5c30000 - 0x000007fef5c38000 	C:\Windows\system32\DCIMAN32.dll
0x0000000064500000 - 0x00000000645a0000 	C:\Users\Serge\AppData\Local\Temp\jogamp_0000\file_cache\jln6993567617739153816\jln7629914535862706398\jogl_desktop.dll
0x00000000658a0000 - 0x000000006728b000 	C:\Windows\system32\nvoglv64.DLL
0x000007fefc090000 - 0x000007fefc0bd000 	C:\Windows\system32\ntmarta.dll
0x000007feff4d0000 - 0x000007feff522000 	C:\Windows\system32\WLDAP32.dll
0x0000000064b50000 - 0x0000000064b97000 	C:\Program Files\Java\jdk1.8.0\jre\bin\fontmanager.dll
0x000007feff420000 - 0x000007feff4b9000 	C:\Windows\system32\CLBCatQ.DLL
0x000007fefa840000 - 0x000007fefa9a1000 	C:\Windows\system32\WindowsCodecs.dll
0x000007fefd020000 - 0x000007fefd077000 	C:\Windows\system32\apphelp.dll
0x0000000070030000 - 0x0000000070046000 	C:\Program Files\Common Files\TortoiseOverlays\TortoiseOverlays.dll
0x0000000059f90000 - 0x000000005a00b000 	C:\Program Files\TortoiseHg\ThgShellx64.dll
0x000007fef5650000 - 0x000007fef596d000 	C:\Windows\system32\msi.dll
0x000007fef6800000 - 0x000007fef6835000 	C:\Windows\system32\EhStorShell.dll
0x000007fefbde0000 - 0x000007fefbf0c000 	C:\Windows\system32\PROPSYS.dll
0x000007fef6780000 - 0x000007fef67fe000 	C:\Windows\System32\cscui.dll
0x000007fef6770000 - 0x000007fef677c000 	C:\Windows\System32\CSCDLL.dll
0x000007fef6760000 - 0x000007fef676f000 	C:\Windows\system32\CSCAPI.dll
0x000007fefa1d0000 - 0x000007fefa1fd000 	C:\Program Files\Common Files\Microsoft Shared\Ink\rtscom.dll
0x0000000074de0000 - 0x0000000074ded000 	C:\Program Files\Java\jdk1.8.0\jre\bin\management.dll
0x000007fefb120000 - 0x000007fefb138000 	C:\Windows\system32\dhcpcsvc.DLL
0x000007fefb100000 - 0x000007fefb111000 	C:\Windows\system32\dhcpcsvc6.DLL
0x000007fee7d20000 - 0x000007fee80e4000 	C:\Windows\system32\d2d1.dll
0x000007fef6a10000 - 0x000007fef6be5000 	C:\Windows\system32\d3d11.dll
0x000007fef6c70000 - 0x000007fef6ccd000 	C:\Windows\system32\dxgi.dll
0x000007fee7860000 - 0x000007fee7ad9000 	C:\Windows\system32\D3D10Warp.dll
0x0000000065790000 - 0x00000000657a1000 	C:\Program Files\Java\jdk1.8.0\jre\bin\prism_common.dll
0x000000005a8d0000 - 0x000000005a911000 	C:\Program Files\Java\jdk1.8.0\jre\bin\t2k.dll
0x000007fef6240000 - 0x000007fef6274000 	C:\Windows\System32\shdocvw.dll
0x000007fef5ca0000 - 0x000007fef5d1f000 	C:\Program Files\Common Files\microsoft shared\ink\tiptsf.dll
0x000007fef6840000 - 0x000007fef6a0a000 	C:\Windows\system32\explorerframe.dll
0x000007fefaaf0000 - 0x000007fefab33000 	C:\Windows\system32\DUser.dll
0x000007fefabc0000 - 0x000007fefacb2000 	C:\Windows\system32\DUI70.dll
0x000007fef5d20000 - 0x000007fef5d62000 	C:\Windows\system32\msls31.dll
0x000007fefaa40000 - 0x000007fefaa75000 	C:\Windows\system32\xmllite.dll
0x000007fefd130000 - 0x000007fefd144000 	C:\Windows\system32\RpcRtRemote.dll
0x000007fee5960000 - 0x000007fee59db000 	C:\Windows\System32\StructuredQuery.dll
0x000007fefce30000 - 0x000007fefce3b000 	C:\Windows\System32\Secur32.dll
0x000007fefcff0000 - 0x000007fefd015000 	C:\Windows\system32\SSPICLI.DLL
0x000007fef6280000 - 0x000007fef636e000 	C:\Windows\system32\actxprxy.dll
0x000007feef6c0000 - 0x000007feef776000 	C:\Program Files\Internet Explorer\ieproxy.dll
0x000007fefd590000 - 0x000007fefd594000 	C:\Windows\system32\api-ms-win-downlevel-shlwapi-l1-1-0.dll
0x000007feefe40000 - 0x000007feefe44000 	C:\Windows\system32\api-ms-win-downlevel-shlwapi-l2-1-0.dll
0x000007fefd200000 - 0x000007fefd205000 	C:\Windows\system32\api-ms-win-downlevel-advapi32-l1-1-0.dll
0x000007feee120000 - 0x000007feee13f000 	C:\Windows\system32\thumbcache.dll
0x000007feea690000 - 0x000007feeb38b000 	C:\Windows\system32\ieframe.DLL
0x000007fefd570000 - 0x000007fefd574000 	C:\Windows\system32\api-ms-win-downlevel-user32-l1-1-0.dll
0x000007fef6640000 - 0x000007fef6644000 	C:\Windows\system32\api-ms-win-downlevel-shell32-l1-1-0.dll
0x000007fefd2c0000 - 0x000007fefd2c4000 	C:\Windows\system32\api-ms-win-downlevel-version-l1-1-0.dll

VM Arguments:
jvm_args: -Dfile.encoding=windows-1252 
java_command: bzh.terrevirtuelle.navisu.main.AppMain
java_class_path (initial): I:\developpement\projetNaVisu\navisu\trunk\navisu\navisu-launcher\build\classes\main;I:\developpement\projetNaVisu\navisu\trunk\navisu\navisu-launcher\build\resources\main;I:\developpement\projetNaVisu\navisu\trunk\navisu\navisu-launcher\lib\c3.jar;I:\developpement\projetNaVisu\navisu\trunk\navisu\navisu-core\lib\gdal.jar;I:\developpement\projetNaVisu\navisu\trunk\navisu\navisu-core\lib\gluegen-rt-natives-linux-amd64.jar;I:\developpement\projetNaVisu\navisu\trunk\navisu\navisu-core\lib\gluegen-rt-natives-linux-i586.jar;I:\developpement\projetNaVisu\navisu\trunk\navisu\navisu-core\lib\gluegen-rt-natives-macosx-universal.jar;I:\developpement\projetNaVisu\navisu\trunk\navisu\navisu-core\lib\gluegen-rt-natives-windows-amd64.jar;I:\developpement\projetNaVisu\navisu\trunk\navisu\navisu-core\lib\gluegen-rt-natives-windows-i586.jar;I:\developpement\projetNaVisu\navisu\trunk\navisu\navisu-core\lib\gluegen-rt.jar;I:\developpement\projetNaVisu\navisu\trunk\navisu\navisu-core\lib\jogl-all-natives-linux-amd64.jar;I:\developpement\projetNaVisu\navisu\trunk\navisu\navisu-core\lib\jogl-all-natives-linux-i586.jar;I:\developpement\projetNaVisu\navisu\trunk\navisu\navisu-core\lib\jogl-all-natives-macosx-universal.jar;I:\developpement\projetNaVisu\navisu\trunk\navisu\navisu-core\lib\jogl-all-natives-windows-amd64.jar;I:\developpement\projetNaVisu\navisu\trunk\navisu\navisu-core\lib\jogl-all-natives-windows-i586.jar;I:\developpement\projetNaVisu\navisu\trunk\navisu\navisu-core\lib\jogl-all.jar;I:\developpement\projetNaVisu\navisu\trunk\navisu\navisu-core\lib\plugin.jar;I:\developpement\projetNaVisu\navisu\trunk\navisu\navisu-core\lib\vpf-symbols.jar;I:\developpement\projetNaVisu\navisu\trunk\navisu\navisu-core\lib\worldwind.jar;I:\developpement\projetNaVisu\navisu\trunk\navisu\navisu-core\lib\worldwindx.jar;I:\developpement\projetNaVisu\navisu\trunk\navisu\navisu-server\lib\antlr-3.4-complete-no-antlrv2.jar;I:\developpement\projetNaVisu\navisu\trunk\navisu\n
Launcher Type: SUN_STANDARD

Environment Variables:
JAVA_HOME=C:\Program Files\Java\jdk1.8.0
PATH=C:\Program Files\ImageMagick-6.8.8-Q16;C:\Program Files (x86)\NVIDIA Corporation\PhysX\Common;C:\Program Files (x86)\ImageMagick-6.8.0-Q16;I:\local\svn\bin\;I:\local\svn\Python25\;C:\Program Files\Common Files\Microsoft Shared\Windows Live;C:\Program Files (x86)\Common Files\Microsoft Shared\Windows Live;c:\Program Files (x86)\Intel\iCLS Client\;c:\Program Files\Intel\iCLS Client\;C:\Windows\system32;C:\Windows;C:\Windows\System32\Wbem;C:\Windows\System32\WindowsPowerShell\v1.0\;C:\Program Files (x86)\Windows Live\Shared;I:\local;C:\Program Files\TortoiseHg\;C:\Program Files (x86)\Graphviz 2.28\bin;C:\Program Files (x86)\QuickTime\QTSystem\;C:\Program Files\MiKTeX 2.9\miktex\bin\x64\;C:\Program Files (x86)\Asymptote;.;I:\local\svn\bin;C:\Program Files (x86)\7-Zip;I:\local\sonar-3.3\bin;C:\Program Files (x86)\Vim\vim71;I:\download\gource;I:\local\gdal\gdalwin32-1.6\bin;I:\local\gdal\proj\bin;I:\local\cmd;C:\Users\Serge\AppData\Local\Pandoc\;C:\Program Files (x86)\Git\bin;C:\glassfish-4.0\bin;C:\Program Files\Java\jdk1.8.0\bin;I:\Vertx\vert.x-2.1M1\bin;C:\cygwin\bin;I:\Gradle\gradle-1.8\bin;C:\Program Files\ImageMagick-6.8.8-Q16;C:\Program Files\GDAL;I:\download\gdal\libbsb-0.0.3
USERNAME=Serge
OS=Windows_NT
PROCESSOR_IDENTIFIER=Intel64 Family 6 Model 58 Stepping 9, GenuineIntel



---------------  S Y S T E M  ---------------

OS: Windows 7 , 64 bit Build 7601 Service Pack 1

CPU:total 8 (4 cores per cpu, 2 threads per core) family 6 model 58 stepping 9, cmov, cx8, fxsr, mmx, sse, sse2, sse3, ssse3, sse4.1, sse4.2, popcnt, avx, aes, clmul, erms, ht, tsc, tscinvbit

Memory: 4k page, physical 8350996k(3718052k free), swap 16700128k(11073212k free)

vm_info: Java HotSpot(TM) 64-Bit Server VM (25.0-b70) for windows-amd64 JRE (1.8.0-b132), built on Mar  4 2014 03:46:18 by "java_re" with MS VC++ 10.0 (VS2010)

time: Wed Oct 01 15:37:03 2014
elapsed time: 21 seconds

